Using pre-set license
Built from '2021.3/staging' branch; Version is '2021.3.25f1 (68ef2c4f8861) revision 6876972'; Using compiler version '192829333'; Build Type 'Release'
OS: 'Windows 10  (10.0.19045) 64bit Core' Language: 'ru' Physical Memory: 16308 MB
BatchMode: 1, IsHumanControllingUs: 0, StartBugReporterOnCrash: 0, Is64bit: 1, IsPro: 1

COMMAND LINE ARGUMENTS:
C:\Program Files\Unity\Hub\Editor\2021.3.25f1\Editor\Unity.exe
-adb2
-batchMode
-noUpm
-name
AssetImportWorker19
-projectPath
C:/Users/mokin/Documents/GitHub/GameUnity/DragonPicker
-logFile
Logs/AssetImportWorker19.log
-srvPort
1780
Successfully changed project path to: C:/Users/mokin/Documents/GitHub/GameUnity/DragonPicker
C:/Users/mokin/Documents/GitHub/GameUnity/DragonPicker
[UnityMemory] Configuration Parameters - Can be set up in boot.config
    "memorysetup-bucket-allocator-granularity=16"
    "memorysetup-bucket-allocator-bucket-count=8"
    "memorysetup-bucket-allocator-block-size=33554432"
    "memorysetup-bucket-allocator-block-count=8"
    "memorysetup-main-allocator-block-size=16777216"
    "memorysetup-thread-allocator-block-size=16777216"
    "memorysetup-gfx-main-allocator-block-size=16777216"
    "memorysetup-gfx-thread-allocator-block-size=16777216"
    "memorysetup-cache-allocator-block-size=4194304"
    "memorysetup-typetree-allocator-block-size=2097152"
    "memorysetup-profiler-bucket-allocator-granularity=16"
    "memorysetup-profiler-bucket-allocator-bucket-count=8"
    "memorysetup-profiler-bucket-allocator-block-size=33554432"
    "memorysetup-profiler-bucket-allocator-block-count=8"
    "memorysetup-profiler-allocator-block-size=16777216"
    "memorysetup-profiler-editor-allocator-block-size=1048576"
    "memorysetup-temp-allocator-size-main=16777216"
    "memorysetup-job-temp-allocator-block-size=2097152"
    "memorysetup-job-temp-allocator-block-size-background=1048576"
    "memorysetup-job-temp-allocator-reduction-small-platforms=262144"
    "memorysetup-temp-allocator-size-background-worker=32768"
    "memorysetup-temp-allocator-size-job-worker=262144"
    "memorysetup-temp-allocator-size-preload-manager=33554432"
    "memorysetup-temp-allocator-size-nav-mesh-worker=65536"
    "memorysetup-temp-allocator-size-audio-worker=65536"
    "memorysetup-temp-allocator-size-cloud-worker=32768"
    "memorysetup-temp-allocator-size-gi-baking-worker=262144"
    "memorysetup-temp-allocator-size-gfx=262144"
Player connection [21048] Host "[IP] 192.168.1.2 [Port] 0 [Flags] 2 [Guid] 496291454 [EditorId] 496291454 [Version] 1048832 [Id] WindowsEditor(7,DESKTOP-GG5K3BH) [Debug] 1 [PackageName] WindowsEditor [ProjectName] Editor" joined multi-casting on [225.0.0.222:54997]...

Player connection [21048] Host "[IP] 192.168.1.2 [Port] 0 [Flags] 2 [Guid] 496291454 [EditorId] 496291454 [Version] 1048832 [Id] WindowsEditor(7,DESKTOP-GG5K3BH) [Debug] 1 [PackageName] WindowsEditor [ProjectName] Editor" joined alternative multi-casting on [225.0.0.222:34997]...

Refreshing native plugins compatible for Editor in 127.96 ms, found 3 plugins.
Preloading 0 native plugins for Editor in 0.00 ms.
Initialize engine version: 2021.3.25f1 (68ef2c4f8861)
[Subsystems] Discovering subsystems at path C:/Program Files/Unity/Hub/Editor/2021.3.25f1/Editor/Data/Resources/UnitySubsystems
[Subsystems] Discovering subsystems at path C:/Users/mokin/Documents/GitHub/GameUnity/DragonPicker/Assets
GfxDevice: creating device client; threaded=0; jobified=0
Direct3D:
    Version:  Direct3D 11.0 [level 11.1]
    Renderer: NVIDIA GeForce GTX 1650 (ID=0x2188)
    Vendor:   NVIDIA
    VRAM:     3950 MB
    Driver:   31.0.15.4617
Initialize mono
Mono path[0] = 'C:/Program Files/Unity/Hub/Editor/2021.3.25f1/Editor/Data/Managed'
Mono path[1] = 'C:/Program Files/Unity/Hub/Editor/2021.3.25f1/Editor/Data/MonoBleedingEdge/lib/mono/unityjit-win32'
Mono config path = 'C:/Program Files/Unity/Hub/Editor/2021.3.25f1/Editor/Data/MonoBleedingEdge/etc'
Using monoOptions --debugger-agent=transport=dt_socket,embedding=1,server=y,suspend=n,address=127.0.0.1:56688
Begin MonoManager ReloadAssembly
Registering precompiled unity dll's ...
Register platform support module: C:/Program Files/Unity/Hub/Editor/2021.3.25f1/Editor/Data/PlaybackEngines/WindowsStandaloneSupport/UnityEditor.WindowsStandalone.Extensions.dll
Registered in 0.022652 seconds.
Native extension for WindowsStandalone target not found
Refreshing native plugins compatible for Editor in 121.82 ms, found 3 plugins.
Preloading 0 native plugins for Editor in 0.00 ms.
Mono: successfully reloaded assembly
- Completed reload, in  1.156 seconds
Domain Reload Profiling:
	ReloadAssembly (1157ms)
		BeginReloadAssembly (178ms)
			ExecutionOrderSort (0ms)
			DisableScriptedObjects (0ms)
			BackupInstance (0ms)
			ReleaseScriptingObjects (0ms)
			CreateAndSetChildDomain (1ms)
		EndReloadAssembly (778ms)
			LoadAssemblies (172ms)
			RebuildTransferFunctionScriptingTraits (0ms)
			SetupTypeCache (179ms)
			ReleaseScriptCaches (0ms)
			RebuildScriptCaches (49ms)
			SetupLoadedEditorAssemblies (454ms)
				LogAssemblyErrors (0ms)
				InitializePlatformSupportModulesInManaged (17ms)
				SetLoadedEditorAssemblies (0ms)
				RefreshPlugins (122ms)
				BeforeProcessingInitializeOnLoad (2ms)
				ProcessInitializeOnLoadAttributes (225ms)
				ProcessInitializeOnLoadMethodAttributes (87ms)
				AfterProcessingInitializeOnLoad (0ms)
				EditorAssembliesLoaded (0ms)
			ExecutionOrderSort2 (0ms)
			AwakeInstancesAfterBackupRestoration (0ms)
Platform modules already initialized, skipping
Registering precompiled user dll's ...
Registered in 0.013450 seconds.
Begin MonoManager ReloadAssembly
Symbol file LoadedFromMemory doesn't match image C:\Users\mokin\Documents\GitHub\GameUnity\DragonPicker\Library\PackageCache\com.unity.visualscripting@1.8.0\Editor\VisualScripting.Core\Dependencies\YamlDotNet\Unity.VisualScripting.YamlDotNet.dll
Symbol file LoadedFromMemory doesn't match image C:\Users\mokin\Documents\GitHub\GameUnity\DragonPicker\Library\PackageCache\com.unity.visualscripting@1.8.0\Editor\VisualScripting.Core\Dependencies\DotNetZip\Unity.VisualScripting.IonicZip.dll
Native extension for WindowsStandalone target not found
Refreshing native plugins compatible for Editor in 0.90 ms, found 3 plugins.
Preloading 0 native plugins for Editor in 0.00 ms.
Mono: successfully reloaded assembly
- Completed reload, in  5.154 seconds
Domain Reload Profiling:
	ReloadAssembly (5155ms)
		BeginReloadAssembly (237ms)
			ExecutionOrderSort (0ms)
			DisableScriptedObjects (12ms)
			BackupInstance (0ms)
			ReleaseScriptingObjects (0ms)
			CreateAndSetChildDomain (28ms)
		EndReloadAssembly (4182ms)
			LoadAssemblies (2972ms)
			RebuildTransferFunctionScriptingTraits (0ms)
			SetupTypeCache (471ms)
			ReleaseScriptCaches (1ms)
			RebuildScriptCaches (89ms)
			SetupLoadedEditorAssemblies (618ms)
				LogAssemblyErrors (0ms)
				InitializePlatformSupportModulesInManaged (13ms)
				SetLoadedEditorAssemblies (1ms)
				RefreshPlugins (1ms)
				BeforeProcessingInitializeOnLoad (156ms)
				ProcessInitializeOnLoadAttributes (388ms)
				ProcessInitializeOnLoadMethodAttributes (35ms)
				AfterProcessingInitializeOnLoad (24ms)
				EditorAssembliesLoaded (0ms)
			ExecutionOrderSort2 (0ms)
			AwakeInstancesAfterBackupRestoration (13ms)
Platform modules already initialized, skipping
========================================================================
Worker process is ready to serve import requests
Launched and connected shader compiler UnityShaderCompiler.exe after 0.51 seconds
Refreshing native plugins compatible for Editor in 0.82 ms, found 3 plugins.
Preloading 0 native plugins for Editor in 0.00 ms.
Unloading 3049 Unused Serialized files (Serialized files now loaded: 0)
Unloading 24 unused Assets / (113.4 KB). Loaded Objects now: 3509.
Memory consumption went from 107.6 MB to 107.5 MB.
Total: 4.719000 ms (FindLiveObjects: 0.417800 ms CreateObjectMapping: 0.179000 ms MarkObjects: 3.973300 ms  DeleteObjects: 0.147000 ms)

AssetImportParameters requested are different than current active one (requested -> active):
  custom:video-decoder-ogg-theora: a1e56fd34408186e4bbccfd4996cb3dc -> 
  custom:container-muxer-webm: aa71ff27fc2769a1b78a27578f13a17b -> 
  custom:container-demuxer-webm: 4f35f7cbe854078d1ac9338744f61a02 -> 
  custom:video-encoder-webm-vp8: eb34c28f22e8b96e1ab97ce403110664 -> 
  custom:audio-encoder-webm-vorbis: bf7c407c2cedff20999df2af8eb42d56 -> 
  custom:framework-win-MediaFoundation: 216162199b28c13a410421893ffa2e32 -> 
  custom:container-demuxer-ogg: 62fdf1f143b41e24485cea50d1cbac27 -> 
  custom:video-decoder-webm-vp8: 9c59270c3fd7afecdb556c50c9e8de78 -> 
  custom:audio-decoder-ogg-vorbis: bf7c407c2cedff20999df2af8eb42d56 -> 
========================================================================
Received Import Request.
  Time since last request: 16572.911284 seconds.
  path: Assets/FourEvilDragonsHP/Prefab/DragonTerrorBringer/Blue.prefab
  artifactKey: Guid(20a769104331d8b48ac7d1ea0d49cdf3) Importer(815301076,1909f56bfc062723c751e8b465ee728b)
Start importing Assets/FourEvilDragonsHP/Prefab/DragonTerrorBringer/Blue.prefab using Guid(20a769104331d8b48ac7d1ea0d49cdf3) Importer(815301076,1909f56bfc062723c751e8b465ee728b)  -> (artifact id: 'd5c97ae5c71111201b53364a19768a17') in 1.486602 seconds 
========================================================================
Received Import Request.
  Time since last request: 0.000032 seconds.
  path: Assets/FourEvilDragonsHP/Prefab/DragonTerrorBringer/Red.prefab
  artifactKey: Guid(59c100dd669d88f46b60555886d4dae7) Importer(815301076,1909f56bfc062723c751e8b465ee728b)
Start importing Assets/FourEvilDragonsHP/Prefab/DragonTerrorBringer/Red.prefab using Guid(59c100dd669d88f46b60555886d4dae7) Importer(815301076,1909f56bfc062723c751e8b465ee728b)  -> (artifact id: '326bb652fb91a48aa500ef8e602f5169') in 0.067556 seconds 
========================================================================
Received Import Request.
  Time since last request: 14.351412 seconds.
  path: Assets/FourEvilDragonsHP/Prefab/DragonTerrorBringer/Red 1.prefab
  artifactKey: Guid(4e1486318ef65914f9977c46d92f3d46) Importer(815301076,1909f56bfc062723c751e8b465ee728b)
Start importing Assets/FourEvilDragonsHP/Prefab/DragonTerrorBringer/Red 1.prefab using Guid(4e1486318ef65914f9977c46d92f3d46) Importer(815301076,1909f56bfc062723c751e8b465ee728b)  -> (artifact id: '92594fc86bbdb2b04347901f44f49995') in 0.053146 seconds 
========================================================================
Received Import Request.
  Time since last request: 65.167024 seconds.
  path: Assets/Scenes/Enemy.prefab
  artifactKey: Guid(4e1486318ef65914f9977c46d92f3d46) Importer(815301076,1909f56bfc062723c751e8b465ee728b)
Start importing Assets/Scenes/Enemy.prefab using Guid(4e1486318ef65914f9977c46d92f3d46) Importer(815301076,1909f56bfc062723c751e8b465ee728b)  -> (artifact id: '1e2ae5341a54a3f2c4e5a0a481323726') in 0.062930 seconds 
========================================================================
Received Import Request.
  Time since last request: 101.354916 seconds.
  path: Assets/Scenes
  artifactKey: Guid(6ea315d0fd7389c41b19996891e99ae3) Importer(815301076,1909f56bfc062723c751e8b465ee728b)
Start importing Assets/Scenes using Guid(6ea315d0fd7389c41b19996891e99ae3) Importer(815301076,1909f56bfc062723c751e8b465ee728b)  -> (artifact id: 'b8193726cff86800c54781cdc6d54904') in 0.003021 seconds 
========================================================================
Received Import Request.
  Time since last request: 19.871213 seconds.
  path: Assets/Scenes/New Animator Controller.controller
  artifactKey: Guid(204c59b8918baf343a80de4ce6523e2a) Importer(815301076,1909f56bfc062723c751e8b465ee728b)
Start importing Assets/Scenes/New Animator Controller.controller using Guid(204c59b8918baf343a80de4ce6523e2a) Importer(815301076,1909f56bfc062723c751e8b465ee728b)  -> (artifact id: '41151806bc09f8e8bf84c04ec3679991') in 0.008785 seconds 
========================================================================
Received Import Request.
  Time since last request: 8.384613 seconds.
  path: Assets/Scenes/EnemyCTRL.controller
  artifactKey: Guid(204c59b8918baf343a80de4ce6523e2a) Importer(815301076,1909f56bfc062723c751e8b465ee728b)
Start importing Assets/Scenes/EnemyCTRL.controller using Guid(204c59b8918baf343a80de4ce6523e2a) Importer(815301076,1909f56bfc062723c751e8b465ee728b)  -> (artifact id: 'c4384378e56812cee6043c03af60832e') in 0.005921 seconds 
========================================================================
Received Import Request.
  Time since last request: 41.718629 seconds.
  path: Assets/FourEvilDragonsHP/Animations/DragonTerrorBringer/AttackWingClaw.fbx
  artifactKey: Guid(dbbf408e4d195cf41bc2f3c7589b1c89) Importer(815301076,1909f56bfc062723c751e8b465ee728b)
Start importing Assets/FourEvilDragonsHP/Animations/DragonTerrorBringer/AttackWingClaw.fbx using Guid(dbbf408e4d195cf41bc2f3c7589b1c89) Importer(815301076,1909f56bfc062723c751e8b465ee728b)  -> (artifact id: 'dab43dfd4d7022523a37054f176cd7de') in 0.999165 seconds 
========================================================================
Received Import Request.
  Time since last request: 0.000034 seconds.
  path: Assets/FourEvilDragonsHP/Animations/DragonTerrorBringer/Landing.fbx
  artifactKey: Guid(f728a9645c91629469fdc1e9a452ddea) Importer(815301076,1909f56bfc062723c751e8b465ee728b)
Start importing Assets/FourEvilDragonsHP/Animations/DragonTerrorBringer/Landing.fbx using Guid(f728a9645c91629469fdc1e9a452ddea) Importer(815301076,1909f56bfc062723c751e8b465ee728b)  -> (artifact id: 'bbfae0d8c9ac20b9b7586a376e472364') in 0.031657 seconds 
========================================================================
Received Import Request.
  Time since last request: 0.000033 seconds.
  path: Assets/FourEvilDragonsHP/Animations/DragonTerrorBringer/sleep.fbx
  artifactKey: Guid(d1f47f7ac86a75840bfb342ed7ca65d0) Importer(815301076,1909f56bfc062723c751e8b465ee728b)
Start importing Assets/FourEvilDragonsHP/Animations/DragonTerrorBringer/sleep.fbx using Guid(d1f47f7ac86a75840bfb342ed7ca65d0) Importer(815301076,1909f56bfc062723c751e8b465ee728b)  -> (artifact id: '32b43b13becc93e7ada6b5d65ac4ccc8') in 0.030180 seconds 
========================================================================
Received Import Request.
  Time since last request: 0.000023 seconds.
  path: Assets/FourEvilDragonsHP/Animations/DragonTerrorBringer/GetHit.fbx
  artifactKey: Guid(01f3cd440df370b4796840c93effc251) Importer(815301076,1909f56bfc062723c751e8b465ee728b)
Start importing Assets/FourEvilDragonsHP/Animations/DragonTerrorBringer/GetHit.fbx using Guid(01f3cd440df370b4796840c93effc251) Importer(815301076,1909f56bfc062723c751e8b465ee728b)  -> (artifact id: '81897fa33f7fab06cadd6301fa3bac88') in 0.027105 seconds 
========================================================================
Received Import Request.
  Time since last request: 0.000022 seconds.
  path: Assets/FourEvilDragonsHP/Animations/DragonTerrorBringer/TakeOff.fbx
  artifactKey: Guid(2881cf760574bd24280f47207b567e43) Importer(815301076,1909f56bfc062723c751e8b465ee728b)
Start importing Assets/FourEvilDragonsHP/Animations/DragonTerrorBringer/TakeOff.fbx using Guid(2881cf760574bd24280f47207b567e43) Importer(815301076,1909f56bfc062723c751e8b465ee728b)  -> (artifact id: 'cc1d7ca997984848e492de0e46a30b73') in 0.025020 seconds 
========================================================================
Received Import Request.
  Time since last request: 0.000022 seconds.
  path: Assets/FourEvilDragonsHP/Animations/DragonTerrorBringer/Flame Attack.fbx
  artifactKey: Guid(b39c8cd2e979bd0458d96f045c9e4464) Importer(815301076,1909f56bfc062723c751e8b465ee728b)
Start importing Assets/FourEvilDragonsHP/Animations/DragonTerrorBringer/Flame Attack.fbx using Guid(b39c8cd2e979bd0458d96f045c9e4464) Importer(815301076,1909f56bfc062723c751e8b465ee728b)  -> (artifact id: '4aa7ddd040619b9401c204d4e1050e9d') in 0.024927 seconds 
========================================================================
Received Import Request.
  Time since last request: 0.000021 seconds.
  path: Assets/FourEvilDragonsHP/Animations/DragonTerrorBringer/FlyForward.fbx
  artifactKey: Guid(d1facc13bc40c14408f2106cf788a7fd) Importer(815301076,1909f56bfc062723c751e8b465ee728b)
Start importing Assets/FourEvilDragonsHP/Animations/DragonTerrorBringer/FlyForward.fbx using Guid(d1facc13bc40c14408f2106cf788a7fd) Importer(815301076,1909f56bfc062723c751e8b465ee728b)  -> (artifact id: '38a159ac24628d31c324c70018ee7b6b') in 0.086125 seconds 
========================================================================
Received Import Request.
  Time since last request: 0.000028 seconds.
  path: Assets/FourEvilDragonsHP/Animations/DragonTerrorBringer/FlyGlide.fbx
  artifactKey: Guid(29b94464c227dad4997918129dad480c) Importer(815301076,1909f56bfc062723c751e8b465ee728b)
Start importing Assets/FourEvilDragonsHP/Animations/DragonTerrorBringer/FlyGlide.fbx using Guid(29b94464c227dad4997918129dad480c) Importer(815301076,1909f56bfc062723c751e8b465ee728b)  -> (artifact id: '448ff7dec19efdce103021eb208989d1') in 0.026192 seconds 
========================================================================
Received Import Request.
  Time since last request: 0.000035 seconds.
  path: Assets/FourEvilDragonsHP/Animations/DragonTerrorBringer/idle01.fbx
  artifactKey: Guid(2f381863b81afe445bb3bbd18f1e90cc) Importer(815301076,1909f56bfc062723c751e8b465ee728b)
Start importing Assets/FourEvilDragonsHP/Animations/DragonTerrorBringer/idle01.fbx using Guid(2f381863b81afe445bb3bbd18f1e90cc) Importer(815301076,1909f56bfc062723c751e8b465ee728b)  -> (artifact id: '3f338523e078fdc41f7cc98304574450') in 0.027734 seconds 
========================================================================
Received Import Request.
  Time since last request: 0.000025 seconds.
  path: Assets/FourEvilDragonsHP/Animations/DragonTerrorBringer/walk.fbx
  artifactKey: Guid(ac9b8cd5f91eeef44a25fce0f31885c1) Importer(815301076,1909f56bfc062723c751e8b465ee728b)
Start importing Assets/FourEvilDragonsHP/Animations/DragonTerrorBringer/walk.fbx using Guid(ac9b8cd5f91eeef44a25fce0f31885c1) Importer(815301076,1909f56bfc062723c751e8b465ee728b)  -> (artifact id: '24de457b85c7374190a722d39afcdd3f') in 0.026582 seconds 
========================================================================
Received Import Request.
  Time since last request: 0.000025 seconds.
  path: Assets/FourEvilDragonsHP/Animations/DragonTerrorBringer/FlyIdle.fbx
  artifactKey: Guid(fe8f656bdccb4074683e623a09c9728e) Importer(815301076,1909f56bfc062723c751e8b465ee728b)
Start importing Assets/FourEvilDragonsHP/Animations/DragonTerrorBringer/FlyIdle.fbx using Guid(fe8f656bdccb4074683e623a09c9728e) Importer(815301076,1909f56bfc062723c751e8b465ee728b)  -> (artifact id: '9b2a56458efd51eb6cfb5c43785600d7') in 0.037488 seconds 
Editor requested this worker to shutdown with reason: Scaling down because of idle timeout
AssetImportWorker is now disconnected from the server
Process exiting
Exiting without the bug reporter. Application will terminate with return code 0