Using pre-set license
Built from '2021.3/staging' branch; Version is '2021.3.25f1 (68ef2c4f8861) revision 6876972'; Using compiler version '192829333'; Build Type 'Release'
OS: 'Windows 10  (10.0.19045) 64bit Core' Language: 'ru' Physical Memory: 16308 MB
BatchMode: 1, IsHumanControllingUs: 0, StartBugReporterOnCrash: 0, Is64bit: 1, IsPro: 1

COMMAND LINE ARGUMENTS:
C:\Program Files\Unity\Hub\Editor\2021.3.25f1\Editor\Unity.exe
-adb2
-batchMode
-noUpm
-name
AssetImportWorker0
-projectPath
C:/Users/mokin/Documents/GitHub/GameUnity/DragonPicker
-logFile
Logs/AssetImportWorker0.log
-srvPort
50433
Successfully changed project path to: C:/Users/mokin/Documents/GitHub/GameUnity/DragonPicker
C:/Users/mokin/Documents/GitHub/GameUnity/DragonPicker
[UnityMemory] Configuration Parameters - Can be set up in boot.config
    "memorysetup-bucket-allocator-granularity=16"
    "memorysetup-bucket-allocator-bucket-count=8"
    "memorysetup-bucket-allocator-block-size=33554432"
    "memorysetup-bucket-allocator-block-count=8"
    "memorysetup-main-allocator-block-size=16777216"
    "memorysetup-thread-allocator-block-size=16777216"
    "memorysetup-gfx-main-allocator-block-size=16777216"
    "memorysetup-gfx-thread-allocator-block-size=16777216"
    "memorysetup-cache-allocator-block-size=4194304"
    "memorysetup-typetree-allocator-block-size=2097152"
    "memorysetup-profiler-bucket-allocator-granularity=16"
    "memorysetup-profiler-bucket-allocator-bucket-count=8"
    "memorysetup-profiler-bucket-allocator-block-size=33554432"
    "memorysetup-profiler-bucket-allocator-block-count=8"
    "memorysetup-profiler-allocator-block-size=16777216"
    "memorysetup-profiler-editor-allocator-block-size=1048576"
    "memorysetup-temp-allocator-size-main=16777216"
    "memorysetup-job-temp-allocator-block-size=2097152"
    "memorysetup-job-temp-allocator-block-size-background=1048576"
    "memorysetup-job-temp-allocator-reduction-small-platforms=262144"
    "memorysetup-temp-allocator-size-background-worker=32768"
    "memorysetup-temp-allocator-size-job-worker=262144"
    "memorysetup-temp-allocator-size-preload-manager=33554432"
    "memorysetup-temp-allocator-size-nav-mesh-worker=65536"
    "memorysetup-temp-allocator-size-audio-worker=65536"
    "memorysetup-temp-allocator-size-cloud-worker=32768"
    "memorysetup-temp-allocator-size-gi-baking-worker=262144"
    "memorysetup-temp-allocator-size-gfx=262144"
Player connection [16624] Host "[IP] 192.168.1.2 [Port] 0 [Flags] 2 [Guid] 2200958662 [EditorId] 2200958662 [Version] 1048832 [Id] WindowsEditor(7,DESKTOP-GG5K3BH) [Debug] 1 [PackageName] WindowsEditor [ProjectName] Editor" joined multi-casting on [225.0.0.222:54997]...

Player connection [16624] Host "[IP] 192.168.1.2 [Port] 0 [Flags] 2 [Guid] 2200958662 [EditorId] 2200958662 [Version] 1048832 [Id] WindowsEditor(7,DESKTOP-GG5K3BH) [Debug] 1 [PackageName] WindowsEditor [ProjectName] Editor" joined alternative multi-casting on [225.0.0.222:34997]...

Refreshing native plugins compatible for Editor in 131.69 ms, found 3 plugins.
Preloading 0 native plugins for Editor in 0.00 ms.
Initialize engine version: 2021.3.25f1 (68ef2c4f8861)
[Subsystems] Discovering subsystems at path C:/Program Files/Unity/Hub/Editor/2021.3.25f1/Editor/Data/Resources/UnitySubsystems
[Subsystems] Discovering subsystems at path C:/Users/mokin/Documents/GitHub/GameUnity/DragonPicker/Assets
GfxDevice: creating device client; threaded=0; jobified=0
Direct3D:
    Version:  Direct3D 11.0 [level 11.1]
    Renderer: NVIDIA GeForce GTX 1650 (ID=0x2188)
    Vendor:   NVIDIA
    VRAM:     3950 MB
    Driver:   31.0.15.4617
Shader 'Custom/AdditiveTintable': fallback shader 'Particles/Additive (Soft)' not found
Initialize mono
Mono path[0] = 'C:/Program Files/Unity/Hub/Editor/2021.3.25f1/Editor/Data/Managed'
Mono path[1] = 'C:/Program Files/Unity/Hub/Editor/2021.3.25f1/Editor/Data/MonoBleedingEdge/lib/mono/unityjit-win32'
Mono config path = 'C:/Program Files/Unity/Hub/Editor/2021.3.25f1/Editor/Data/MonoBleedingEdge/etc'
Using monoOptions --debugger-agent=transport=dt_socket,embedding=1,server=y,suspend=n,address=127.0.0.1:56572
Begin MonoManager ReloadAssembly
Registering precompiled unity dll's ...
Register platform support module: C:/Program Files/Unity/Hub/Editor/2021.3.25f1/Editor/Data/PlaybackEngines/WindowsStandaloneSupport/UnityEditor.WindowsStandalone.Extensions.dll
Registered in 0.023102 seconds.
Native extension for WindowsStandalone target not found
Refreshing native plugins compatible for Editor in 128.37 ms, found 3 plugins.
Preloading 0 native plugins for Editor in 0.00 ms.
Mono: successfully reloaded assembly
- Completed reload, in  1.170 seconds
Domain Reload Profiling:
	ReloadAssembly (1171ms)
		BeginReloadAssembly (180ms)
			ExecutionOrderSort (0ms)
			DisableScriptedObjects (0ms)
			BackupInstance (0ms)
			ReleaseScriptingObjects (0ms)
			CreateAndSetChildDomain (1ms)
		EndReloadAssembly (789ms)
			LoadAssemblies (174ms)
			RebuildTransferFunctionScriptingTraits (0ms)
			SetupTypeCache (179ms)
			ReleaseScriptCaches (0ms)
			RebuildScriptCaches (50ms)
			SetupLoadedEditorAssemblies (462ms)
				LogAssemblyErrors (0ms)
				InitializePlatformSupportModulesInManaged (17ms)
				SetLoadedEditorAssemblies (0ms)
				RefreshPlugins (129ms)
				BeforeProcessingInitializeOnLoad (2ms)
				ProcessInitializeOnLoadAttributes (228ms)
				ProcessInitializeOnLoadMethodAttributes (86ms)
				AfterProcessingInitializeOnLoad (0ms)
				EditorAssembliesLoaded (0ms)
			ExecutionOrderSort2 (0ms)
			AwakeInstancesAfterBackupRestoration (0ms)
Platform modules already initialized, skipping
Registering precompiled user dll's ...
Registered in 0.017255 seconds.
Begin MonoManager ReloadAssembly
Symbol file LoadedFromMemory doesn't match image C:\Users\mokin\Documents\GitHub\GameUnity\DragonPicker\Library\PackageCache\com.unity.visualscripting@1.8.0\Editor\VisualScripting.Core\Dependencies\YamlDotNet\Unity.VisualScripting.YamlDotNet.dll
Symbol file LoadedFromMemory doesn't match image C:\Users\mokin\Documents\GitHub\GameUnity\DragonPicker\Library\PackageCache\com.unity.visualscripting@1.8.0\Editor\VisualScripting.Core\Dependencies\DotNetZip\Unity.VisualScripting.IonicZip.dll
Native extension for WindowsStandalone target not found
Refreshing native plugins compatible for Editor in 0.86 ms, found 3 plugins.
Preloading 0 native plugins for Editor in 0.00 ms.
Mono: successfully reloaded assembly
- Completed reload, in  1.882 seconds
Domain Reload Profiling:
	ReloadAssembly (1883ms)
		BeginReloadAssembly (237ms)
			ExecutionOrderSort (0ms)
			DisableScriptedObjects (11ms)
			BackupInstance (0ms)
			ReleaseScriptingObjects (0ms)
			CreateAndSetChildDomain (28ms)
		EndReloadAssembly (1444ms)
			LoadAssemblies (207ms)
			RebuildTransferFunctionScriptingTraits (0ms)
			SetupTypeCache (495ms)
			ReleaseScriptCaches (1ms)
			RebuildScriptCaches (101ms)
			SetupLoadedEditorAssemblies (612ms)
				LogAssemblyErrors (0ms)
				InitializePlatformSupportModulesInManaged (13ms)
				SetLoadedEditorAssemblies (1ms)
				RefreshPlugins (1ms)
				BeforeProcessingInitializeOnLoad (154ms)
				ProcessInitializeOnLoadAttributes (386ms)
				ProcessInitializeOnLoadMethodAttributes (35ms)
				AfterProcessingInitializeOnLoad (23ms)
				EditorAssembliesLoaded (0ms)
			ExecutionOrderSort2 (0ms)
			AwakeInstancesAfterBackupRestoration (13ms)
Platform modules already initialized, skipping
========================================================================
Worker process is ready to serve import requests
Shader 'Custom/AdditiveTintable': fallback shader 'Particles/Additive (Soft)' not found
Launched and connected shader compiler UnityShaderCompiler.exe after 0.07 seconds
Refreshing native plugins compatible for Editor in 0.81 ms, found 3 plugins.
Preloading 0 native plugins for Editor in 0.00 ms.
Unloading 3111 Unused Serialized files (Serialized files now loaded: 0)
Unloading 24 unused Assets / (114.0 KB). Loaded Objects now: 3578.
Memory consumption went from 113.1 MB to 113.0 MB.
Total: 4.596600 ms (FindLiveObjects: 0.376400 ms CreateObjectMapping: 0.189800 ms MarkObjects: 3.874000 ms  DeleteObjects: 0.154800 ms)

AssetImportParameters requested are different than current active one (requested -> active):
  custom:video-decoder-ogg-theora: a1e56fd34408186e4bbccfd4996cb3dc -> 
  custom:container-muxer-webm: aa71ff27fc2769a1b78a27578f13a17b -> 
  custom:container-demuxer-webm: 4f35f7cbe854078d1ac9338744f61a02 -> 
  custom:video-encoder-webm-vp8: eb34c28f22e8b96e1ab97ce403110664 -> 
  custom:audio-encoder-webm-vorbis: bf7c407c2cedff20999df2af8eb42d56 -> 
  custom:framework-win-MediaFoundation: 216162199b28c13a410421893ffa2e32 -> 
  custom:container-demuxer-ogg: 62fdf1f143b41e24485cea50d1cbac27 -> 
  custom:video-decoder-webm-vp8: 9c59270c3fd7afecdb556c50c9e8de78 -> 
  custom:audio-decoder-ogg-vorbis: bf7c407c2cedff20999df2af8eb42d56 -> 
========================================================================
Received Import Request.
  Time since last request: 10966.348456 seconds.
  path: Assets/Scenes/_0Scene.unity
  artifactKey: Guid(9fc0d4010bbf28b4594072e72b8655ab) Importer(815301076,1909f56bfc062723c751e8b465ee728b)
Start importing Assets/Scenes/_0Scene.unity using Guid(9fc0d4010bbf28b4594072e72b8655ab) Importer(815301076,1909f56bfc062723c751e8b465ee728b)  -> (artifact id: 'd45a6c16370f7ab56972a3d8453fa12c') in 0.009811 seconds 
========================================================================
Received Import Request.
  Time since last request: 5.470479 seconds.
  path: Assets/Scenes/_1Scene.unity
  artifactKey: Guid(9fc0d4010bbf28b4594072e72b8655ab) Importer(815301076,1909f56bfc062723c751e8b465ee728b)
Start importing Assets/Scenes/_1Scene.unity using Guid(9fc0d4010bbf28b4594072e72b8655ab) Importer(815301076,1909f56bfc062723c751e8b465ee728b)  -> (artifact id: 'bc3a7f47ce25fa5458975bb070c21e6a') in 0.003271 seconds 
========================================================================
Received Import Request.
  Time since last request: 236.537579 seconds.
  path: Assets/Scenes/_1Scene 1.unity
  artifactKey: Guid(b5cdff8b99a37924299eb2b561352d2c) Importer(815301076,1909f56bfc062723c751e8b465ee728b)
Start importing Assets/Scenes/_1Scene 1.unity using Guid(b5cdff8b99a37924299eb2b561352d2c) Importer(815301076,1909f56bfc062723c751e8b465ee728b)  -> (artifact id: 'b38cd721285a9f7601166037d3c93287') in 0.003034 seconds 
========================================================================
Received Import Request.
  Time since last request: 15.798492 seconds.
  path: Assets/Scenes/_0Scene.unity
  artifactKey: Guid(b5cdff8b99a37924299eb2b561352d2c) Importer(815301076,1909f56bfc062723c751e8b465ee728b)
Start importing Assets/Scenes/_0Scene.unity using Guid(b5cdff8b99a37924299eb2b561352d2c) Importer(815301076,1909f56bfc062723c751e8b465ee728b)  -> (artifact id: '73968d2426e3d9c1920042e440eac454') in 0.002569 seconds 
========================================================================
Received Import Request.
  Time since last request: 285.807314 seconds.
  path: Assets/_Animations/New Animator Controller.controller
  artifactKey: Guid(f1eface8a444a7345be69cf5c72e03f4) Importer(815301076,1909f56bfc062723c751e8b465ee728b)
Start importing Assets/_Animations/New Animator Controller.controller using Guid(f1eface8a444a7345be69cf5c72e03f4) Importer(815301076,1909f56bfc062723c751e8b465ee728b)  -> (artifact id: '318b4a73047a4ab1c87d6c7bae0010fb') in 0.053024 seconds 
========================================================================
Received Import Request.
  Time since last request: 10.591015 seconds.
  path: Assets/_Animations/DragonI.controller
  artifactKey: Guid(f1eface8a444a7345be69cf5c72e03f4) Importer(815301076,1909f56bfc062723c751e8b465ee728b)
Start importing Assets/_Animations/DragonI.controller using Guid(f1eface8a444a7345be69cf5c72e03f4) Importer(815301076,1909f56bfc062723c751e8b465ee728b)  -> (artifact id: '62ec9bb2e27067f35f9abd4057570506') in 0.006424 seconds 
========================================================================
Received Import Request.
  Time since last request: 7.318228 seconds.
  path: Assets/_Animations/DragonIDLE.controller
  artifactKey: Guid(f1eface8a444a7345be69cf5c72e03f4) Importer(815301076,1909f56bfc062723c751e8b465ee728b)
Start importing Assets/_Animations/DragonIDLE.controller using Guid(f1eface8a444a7345be69cf5c72e03f4) Importer(815301076,1909f56bfc062723c751e8b465ee728b)  -> (artifact id: '031cd6a4b6809b96aed6112c7c02b5fb') in 0.006044 seconds 
========================================================================
Received Prepare
Registering precompiled user dll's ...
Registered in 0.012722 seconds.
Begin MonoManager ReloadAssembly
Symbol file LoadedFromMemory doesn't match image C:\Users\mokin\Documents\GitHub\GameUnity\DragonPicker\Library\PackageCache\com.unity.visualscripting@1.8.0\Editor\VisualScripting.Core\Dependencies\YamlDotNet\Unity.VisualScripting.YamlDotNet.dll
Symbol file LoadedFromMemory doesn't match image C:\Users\mokin\Documents\GitHub\GameUnity\DragonPicker\Library\PackageCache\com.unity.visualscripting@1.8.0\Editor\VisualScripting.Core\Dependencies\DotNetZip\Unity.VisualScripting.IonicZip.dll
Native extension for WindowsStandalone target not found
Refreshing native plugins compatible for Editor in 0.92 ms, found 3 plugins.
Preloading 0 native plugins for Editor in 0.00 ms.
Mono: successfully reloaded assembly
- Completed reload, in  1.758 seconds
Domain Reload Profiling:
	ReloadAssembly (1759ms)
		BeginReloadAssembly (277ms)
			ExecutionOrderSort (0ms)
			DisableScriptedObjects (15ms)
			BackupInstance (0ms)
			ReleaseScriptingObjects (0ms)
			CreateAndSetChildDomain (52ms)
		EndReloadAssembly (1300ms)
			LoadAssemblies (189ms)
			RebuildTransferFunctionScriptingTraits (0ms)
			SetupTypeCache (452ms)
			ReleaseScriptCaches (2ms)
			RebuildScriptCaches (76ms)
			SetupLoadedEditorAssemblies (542ms)
				LogAssemblyErrors (0ms)
				InitializePlatformSupportModulesInManaged (13ms)
				SetLoadedEditorAssemblies (1ms)
				RefreshPlugins (1ms)
				BeforeProcessingInitializeOnLoad (128ms)
				ProcessInitializeOnLoadAttributes (340ms)
				ProcessInitializeOnLoadMethodAttributes (34ms)
				AfterProcessingInitializeOnLoad (25ms)
				EditorAssembliesLoaded (0ms)
			ExecutionOrderSort2 (0ms)
			AwakeInstancesAfterBackupRestoration (14ms)
Platform modules already initialized, skipping
Shader 'Custom/AdditiveTintable': fallback shader 'Particles/Additive (Soft)' not found
Refreshing native plugins compatible for Editor in 3.46 ms, found 3 plugins.
Preloading 0 native plugins for Editor in 0.00 ms.
Unloading 3092 Unused Serialized files (Serialized files now loaded: 0)
Unloading 17 unused Assets / (80.8 KB). Loaded Objects now: 3582.
Memory consumption went from 111.5 MB to 111.4 MB.
Total: 4.420000 ms (FindLiveObjects: 0.321600 ms CreateObjectMapping: 0.152600 ms MarkObjects: 3.820400 ms  DeleteObjects: 0.124100 ms)

AssetImportParameters requested are different than current active one (requested -> active):
  custom:video-decoder-ogg-theora: a1e56fd34408186e4bbccfd4996cb3dc -> 
  custom:container-muxer-webm: aa71ff27fc2769a1b78a27578f13a17b -> 
  custom:container-demuxer-webm: 4f35f7cbe854078d1ac9338744f61a02 -> 
  custom:video-encoder-webm-vp8: eb34c28f22e8b96e1ab97ce403110664 -> 
  custom:audio-encoder-webm-vorbis: bf7c407c2cedff20999df2af8eb42d56 -> 
  custom:framework-win-MediaFoundation: 216162199b28c13a410421893ffa2e32 -> 
  custom:container-demuxer-ogg: 62fdf1f143b41e24485cea50d1cbac27 -> 
  custom:video-decoder-webm-vp8: 9c59270c3fd7afecdb556c50c9e8de78 -> 
  custom:audio-decoder-ogg-vorbis: bf7c407c2cedff20999df2af8eb42d56 -> 
========================================================================
Received Import Request.
  Time since last request: 241.817126 seconds.
  path: Assets/Painted HQ 2D Forest Medieval Background/day
  artifactKey: Guid(be61884b24a259649bc5e023ef71227e) Importer(815301076,1909f56bfc062723c751e8b465ee728b)
Start importing Assets/Painted HQ 2D Forest Medieval Background/day using Guid(be61884b24a259649bc5e023ef71227e) Importer(815301076,1909f56bfc062723c751e8b465ee728b)  -> (artifact id: 'adcfa77a529b5ca7ab89fd268b480100') in 0.012165 seconds 
========================================================================
Received Import Request.
  Time since last request: 0.231937 seconds.
  path: Assets/Painted HQ 2D Forest Medieval Background/day/cloud01.png
  artifactKey: Guid(d083d3f17cd7d0b4baedc62d855471c8) Importer(815301076,1909f56bfc062723c751e8b465ee728b)
Start importing Assets/Painted HQ 2D Forest Medieval Background/day/cloud01.png using Guid(d083d3f17cd7d0b4baedc62d855471c8) Importer(815301076,1909f56bfc062723c751e8b465ee728b)  -> (artifact id: '37c83977e9cc610b007ca054427eddf6') in 0.223737 seconds 
========================================================================
Received Import Request.
  Time since last request: 0.000036 seconds.
  path: Assets/Painted HQ 2D Forest Medieval Background/day/cloud03.png
  artifactKey: Guid(b2e7ab64fd7eb364ab7451d09f294367) Importer(815301076,1909f56bfc062723c751e8b465ee728b)
Start importing Assets/Painted HQ 2D Forest Medieval Background/day/cloud03.png using Guid(b2e7ab64fd7eb364ab7451d09f294367) Importer(815301076,1909f56bfc062723c751e8b465ee728b)  -> (artifact id: '767f7540d94f2a47b76dc3279cc848f4') in 0.084432 seconds 
========================================================================
Received Import Request.
  Time since last request: 0.000038 seconds.
  path: Assets/Painted HQ 2D Forest Medieval Background/day/mountain01.png
  artifactKey: Guid(63bd50a6c3fd26b439c10e599e94b853) Importer(815301076,1909f56bfc062723c751e8b465ee728b)
Start importing Assets/Painted HQ 2D Forest Medieval Background/day/mountain01.png using Guid(63bd50a6c3fd26b439c10e599e94b853) Importer(815301076,1909f56bfc062723c751e8b465ee728b)  -> (artifact id: 'fe3963646540aaaf8c571482645d6310') in 0.113793 seconds 
Editor requested this worker to shutdown with reason: Scaling down because of idle timeout
AssetImportWorker is now disconnected from the server
Process exiting
Exiting without the bug reporter. Application will terminate with return code 0